# Logfile created on 2024-07-08 14:42:20 +0000 by logger.rb/v1.5.0
[2024-07-08T14:42:20+00:00] INFO: Started Cinc Zero at chefzero://localhost:1 with repository at /opt/gitlab/embedded (One version per cookbook)
[2024-07-08T14:42:20+00:00] INFO: *** Cinc Client 18.3.0 ***
[2024-07-08T14:42:20+00:00] INFO: Platform: x86_64-linux
[2024-07-08T14:42:20+00:00] INFO: Cinc-client pid: 40
[2024-07-08T14:42:21+00:00] INFO: Setting the run_list to ["recipe[gitlab-ee]"] from CLI options
[2024-07-08T14:42:21+00:00] INFO: Run List is [recipe[gitlab-ee]]
[2024-07-08T14:42:21+00:00] INFO: Run List expands to [gitlab-ee]
[2024-07-08T14:42:21+00:00] INFO: Starting Cinc Client Run for localhost
[2024-07-08T14:42:21+00:00] INFO: Running start handlers
[2024-07-08T14:42:21+00:00] INFO: Start handlers complete.
[2024-07-08T14:42:22+00:00] INFO: Loading cookbooks [gitlab-ee@0.0.1, package@0.1.0, gitlab@0.0.1, consul@0.1.0, patroni@0.1.0, pgbouncer@0.1.0, spamcheck@0.1.0, runit@5.1.7, logrotate@0.1.0, postgresql@0.1.0, redis@0.1.0, monitoring@0.1.0, registry@0.1.0, mattermost@0.1.0, gitaly@0.1.0, praefect@0.1.0, gitlab-kas@0.1.0, gitlab-pages@0.1.0, letsencrypt@0.1.0, nginx@0.1.0, acme@4.1.6, crond@0.1.0]
[2024-07-08T14:42:23+00:00] INFO: Generating default secrets
[2024-07-08T14:42:26+00:00] INFO: Generating /etc/gitlab/gitlab-secrets.json file
[2024-07-08T14:42:26+00:00] INFO: directory[/etc/gitlab] mode changed to 775
[2024-07-08T14:42:26+00:00] WARN: gitlab-rails does not have a log_group or default logdir mode defined. Setting to 0700.
[2024-07-08T14:42:26+00:00] INFO: Skipped selecting an init system because it was explicitly disabled
[2024-07-08T14:42:26+00:00] WARN: gitlab-shell does not have a log_group or default logdir mode defined. Setting to 0700.
[2024-07-08T14:42:26+00:00] WARN: gitlab-sshd does not have a log_group or default logdir mode defined. Setting to 0700.
[2024-07-08T14:42:26+00:00] WARN: logrotate does not have a log_group or default logdir mode defined. Setting to 0700.
[2024-07-08T14:42:26+00:00] WARN: logrotate does not have a log_group or default logdir mode defined. Setting to 0700.
[2024-07-08T14:42:26+00:00] WARN: puma does not have a log_group or default logdir mode defined. Setting to 0700.
[2024-07-08T14:42:26+00:00] WARN: gitlab-rails does not have a log_group or default logdir mode defined. Setting to 0700.
[2024-07-08T14:42:26+00:00] WARN: gitlab-shell does not have a log_group or default logdir mode defined. Setting to 0700.
[2024-07-08T14:42:26+00:00] WARN: gitlab-workhorse does not have a log_group or default logdir mode defined. Setting to 0700.
[2024-07-08T14:42:26+00:00] WARN: gitlab-pages does not have a log_group or default logdir mode defined. Setting to 0700.
[2024-07-08T14:42:26+00:00] WARN: gitlab-kas does not have a log_group or default logdir mode defined. Setting to 0700.
[2024-07-08T14:42:26+00:00] WARN: gitaly does not have a log_group or default logdir mode defined. Setting to 0700.
[2024-07-08T14:42:26+00:00] WARN: mailroom does not have a log_group or default logdir mode defined. Setting to 0700.
[2024-07-08T14:42:26+00:00] WARN: gitaly does not have a log_group or default logdir mode defined. Setting to 0700.
[2024-07-08T14:42:26+00:00] WARN: postgresql does not have a log_group or default logdir mode defined. Setting to 0700.
[2024-07-08T14:42:26+00:00] WARN: postgresql does not have a log_group or default logdir mode defined. Setting to 0700.
[2024-07-08T14:42:26+00:00] WARN: gitlab-kas does not have a log_group or default logdir mode defined. Setting to 0700.
[2024-07-08T14:42:26+00:00] WARN: puma does not have a log_group or default logdir mode defined. Setting to 0700.
[2024-07-08T14:42:27+00:00] WARN: sidekiq does not have a log_group or default logdir mode defined. Setting to 0700.
[2024-07-08T14:42:27+00:00] WARN: gitlab-workhorse does not have a log_group or default logdir mode defined. Setting to 0700.
[2024-07-08T14:42:27+00:00] WARN: gitlab-exporter does not have a log_group or default logdir mode defined. Setting to 0700.
[2024-07-08T14:42:27+00:00] WARN: redis-exporter does not have a log_group or default logdir mode defined. Setting to 0700.
[2024-07-08T14:42:27+00:00] WARN: prometheus does not have a log_group or default logdir mode defined. Setting to 0700.
[2024-07-08T14:42:27+00:00] WARN: alertmanager does not have a log_group or default logdir mode defined. Setting to 0700.
[2024-07-08T14:42:27+00:00] WARN: postgres-exporter does not have a log_group or default logdir mode defined. Setting to 0700.
[2024-07-08T14:42:27+00:00] INFO: template[/var/opt/gitlab/.gitconfig] created file /var/opt/gitlab/.gitconfig
[2024-07-08T14:42:27+00:00] INFO: template[/var/opt/gitlab/.gitconfig] updated file contents /var/opt/gitlab/.gitconfig
[2024-07-08T14:42:27+00:00] INFO: template[/var/opt/gitlab/.gitconfig] owner changed to 998
[2024-07-08T14:42:27+00:00] INFO: template[/var/opt/gitlab/.gitconfig] group changed to 998
[2024-07-08T14:42:27+00:00] INFO: template[/var/opt/gitlab/.gitconfig] mode changed to 644
[2024-07-08T14:42:27+00:00] INFO: directory[/var/opt/gitlab/.bundle] created directory /var/opt/gitlab/.bundle
[2024-07-08T14:42:27+00:00] INFO: directory[/var/opt/gitlab/.bundle] owner changed to 998
[2024-07-08T14:42:27+00:00] INFO: directory[/var/opt/gitlab/.bundle] group changed to 998
[2024-07-08T14:42:27+00:00] INFO: ruby_block[directory resource: /var/opt/gitlab/git-data] called
[2024-07-08T14:42:28+00:00] INFO: ruby_block[directory resource: /var/opt/gitlab/git-data/repositories] called
[2024-07-08T14:42:29+00:00] INFO: ruby_block[directory resource: /var/opt/gitlab/gitlab-rails/shared] called
[2024-07-08T14:42:29+00:00] INFO: ruby_block[directory resource: /var/opt/gitlab/gitlab-rails/shared/pages] called
[2024-07-08T14:42:30+00:00] INFO: ruby_block[directory resource: /var/opt/gitlab/gitlab-rails/shared/artifacts] called
[2024-07-08T14:42:30+00:00] INFO: ruby_block[directory resource: /var/opt/gitlab/gitlab-rails/shared/external-diffs] called
[2024-07-08T14:42:31+00:00] INFO: ruby_block[directory resource: /var/opt/gitlab/gitlab-rails/shared/lfs-objects] called
[2024-07-08T14:42:31+00:00] INFO: ruby_block[directory resource: /var/opt/gitlab/gitlab-rails/shared/packages] called
[2024-07-08T14:42:32+00:00] INFO: ruby_block[directory resource: /var/opt/gitlab/gitlab-rails/shared/dependency_proxy] called
[2024-07-08T14:42:32+00:00] INFO: ruby_block[directory resource: /var/opt/gitlab/gitlab-rails/shared/terraform_state] called
[2024-07-08T14:42:33+00:00] INFO: ruby_block[directory resource: /var/opt/gitlab/gitlab-rails/shared/ci_secure_files] called
[2024-07-08T14:42:33+00:00] INFO: ruby_block[directory resource: /var/opt/gitlab/gitlab-rails/shared/encrypted_settings] called
[2024-07-08T14:42:34+00:00] INFO: ruby_block[directory resource: /var/opt/gitlab/gitlab-rails/uploads] called
[2024-07-08T14:42:34+00:00] INFO: ruby_block[directory resource: /var/opt/gitlab/gitlab-ci/builds] called
[2024-07-08T14:42:35+00:00] INFO: ruby_block[directory resource: /var/opt/gitlab/gitlab-rails/shared/cache] called
[2024-07-08T14:42:35+00:00] INFO: ruby_block[directory resource: /var/opt/gitlab/gitlab-rails/shared/tmp] called
[2024-07-08T14:42:35+00:00] INFO: directory[create /var/opt/gitlab/gitlab-rails/etc] created directory /var/opt/gitlab/gitlab-rails/etc
[2024-07-08T14:42:35+00:00] INFO: directory[create /var/opt/gitlab/gitlab-rails/etc] owner changed to 998
[2024-07-08T14:42:35+00:00] INFO: directory[create /var/opt/gitlab/gitlab-rails/etc] mode changed to 700
[2024-07-08T14:42:35+00:00] INFO: directory[create /var/opt/gitlab/gitlab-rails/working] created directory /var/opt/gitlab/gitlab-rails/working
[2024-07-08T14:42:35+00:00] INFO: directory[create /var/opt/gitlab/gitlab-rails/working] owner changed to 998
[2024-07-08T14:42:35+00:00] INFO: directory[create /var/opt/gitlab/gitlab-rails/working] mode changed to 700
[2024-07-08T14:42:35+00:00] INFO: directory[create /var/opt/gitlab/gitlab-rails/tmp] created directory /var/opt/gitlab/gitlab-rails/tmp
[2024-07-08T14:42:35+00:00] INFO: directory[create /var/opt/gitlab/gitlab-rails/tmp] owner changed to 998
[2024-07-08T14:42:35+00:00] INFO: directory[create /var/opt/gitlab/gitlab-rails/tmp] mode changed to 700
[2024-07-08T14:42:35+00:00] INFO: directory[create /var/opt/gitlab/gitlab-rails/upgrade-status] created directory /var/opt/gitlab/gitlab-rails/upgrade-status
[2024-07-08T14:42:35+00:00] INFO: directory[create /var/opt/gitlab/gitlab-rails/upgrade-status] owner changed to 998
[2024-07-08T14:42:35+00:00] INFO: directory[create /var/opt/gitlab/gitlab-rails/upgrade-status] mode changed to 700
[2024-07-08T14:42:35+00:00] INFO: directory[/var/log/gitlab/gitlab-rails] created directory /var/log/gitlab/gitlab-rails
[2024-07-08T14:42:35+00:00] INFO: directory[/var/log/gitlab/gitlab-rails] owner changed to 998
[2024-07-08T14:42:35+00:00] INFO: directory[/var/log/gitlab/gitlab-rails] mode changed to 700
[2024-07-08T14:42:36+00:00] INFO: ruby_block[directory resource: /var/opt/gitlab/backups] called
[2024-07-08T14:42:36+00:00] INFO: template[/var/opt/gitlab/gitlab-rails/etc/database.yml] created file /var/opt/gitlab/gitlab-rails/etc/database.yml
[2024-07-08T14:42:36+00:00] INFO: template[/var/opt/gitlab/gitlab-rails/etc/database.yml] updated file contents /var/opt/gitlab/gitlab-rails/etc/database.yml
[2024-07-08T14:42:36+00:00] INFO: template[/var/opt/gitlab/gitlab-rails/etc/database.yml] owner changed to 0
[2024-07-08T14:42:36+00:00] INFO: template[/var/opt/gitlab/gitlab-rails/etc/database.yml] group changed to 998
[2024-07-08T14:42:36+00:00] INFO: template[/var/opt/gitlab/gitlab-rails/etc/database.yml] mode changed to 640
[2024-07-08T14:42:36+00:00] INFO: template[/var/opt/gitlab/gitlab-rails/etc/click_house.yml] created file /var/opt/gitlab/gitlab-rails/etc/click_house.yml
[2024-07-08T14:42:36+00:00] INFO: template[/var/opt/gitlab/gitlab-rails/etc/click_house.yml] updated file contents /var/opt/gitlab/gitlab-rails/etc/click_house.yml
[2024-07-08T14:42:36+00:00] INFO: template[/var/opt/gitlab/gitlab-rails/etc/click_house.yml] owner changed to 0
[2024-07-08T14:42:36+00:00] INFO: template[/var/opt/gitlab/gitlab-rails/etc/click_house.yml] group changed to 998
[2024-07-08T14:42:36+00:00] INFO: template[/var/opt/gitlab/gitlab-rails/etc/click_house.yml] mode changed to 640
[2024-07-08T14:42:36+00:00] INFO: template[/var/opt/gitlab/gitlab-rails/etc/secrets.yml] created file /var/opt/gitlab/gitlab-rails/etc/secrets.yml
[2024-07-08T14:42:36+00:00] INFO: template[/var/opt/gitlab/gitlab-rails/etc/secrets.yml] updated file contents /var/opt/gitlab/gitlab-rails/etc/secrets.yml
[2024-07-08T14:42:36+00:00] INFO: template[/var/opt/gitlab/gitlab-rails/etc/secrets.yml] owner changed to 0
[2024-07-08T14:42:36+00:00] INFO: template[/var/opt/gitlab/gitlab-rails/etc/secrets.yml] group changed to 0
[2024-07-08T14:42:36+00:00] INFO: template[/var/opt/gitlab/gitlab-rails/etc/secrets.yml] mode changed to 644
[2024-07-08T14:42:36+00:00] INFO: template[/var/opt/gitlab/gitlab-rails/etc/resque.yml] created file /var/opt/gitlab/gitlab-rails/etc/resque.yml
[2024-07-08T14:42:36+00:00] INFO: template[/var/opt/gitlab/gitlab-rails/etc/resque.yml] updated file contents /var/opt/gitlab/gitlab-rails/etc/resque.yml
[2024-07-08T14:42:36+00:00] INFO: template[/var/opt/gitlab/gitlab-rails/etc/resque.yml] owner changed to 0
[2024-07-08T14:42:36+00:00] INFO: template[/var/opt/gitlab/gitlab-rails/etc/resque.yml] group changed to 0
[2024-07-08T14:42:36+00:00] INFO: template[/var/opt/gitlab/gitlab-rails/etc/resque.yml] mode changed to 644
[2024-07-08T14:42:36+00:00] INFO: template[/var/opt/gitlab/gitlab-rails/etc/redis.yml] created file /var/opt/gitlab/gitlab-rails/etc/redis.yml
[2024-07-08T14:42:36+00:00] INFO: template[/var/opt/gitlab/gitlab-rails/etc/redis.yml] updated file contents /var/opt/gitlab/gitlab-rails/etc/redis.yml
[2024-07-08T14:42:36+00:00] INFO: template[/var/opt/gitlab/gitlab-rails/etc/redis.yml] owner changed to 0
[2024-07-08T14:42:36+00:00] INFO: template[/var/opt/gitlab/gitlab-rails/etc/redis.yml] group changed to 0
[2024-07-08T14:42:36+00:00] INFO: template[/var/opt/gitlab/gitlab-rails/etc/redis.yml] mode changed to 644
[2024-07-08T14:42:36+00:00] INFO: template[/var/opt/gitlab/gitlab-rails/etc/cable.yml] created file /var/opt/gitlab/gitlab-rails/etc/cable.yml
[2024-07-08T14:42:36+00:00] INFO: template[/var/opt/gitlab/gitlab-rails/etc/cable.yml] updated file contents /var/opt/gitlab/gitlab-rails/etc/cable.yml
[2024-07-08T14:42:36+00:00] INFO: template[/var/opt/gitlab/gitlab-rails/etc/cable.yml] owner changed to 0
[2024-07-08T14:42:36+00:00] INFO: template[/var/opt/gitlab/gitlab-rails/etc/cable.yml] group changed to 0
[2024-07-08T14:42:36+00:00] INFO: template[/var/opt/gitlab/gitlab-rails/etc/cable.yml] mode changed to 644
[2024-07-08T14:42:36+00:00] INFO: template[/var/opt/gitlab/gitlab-rails/etc/session_store.yml] created file /var/opt/gitlab/gitlab-rails/etc/session_store.yml
[2024-07-08T14:42:36+00:00] INFO: template[/var/opt/gitlab/gitlab-rails/etc/session_store.yml] updated file contents /var/opt/gitlab/gitlab-rails/etc/session_store.yml
[2024-07-08T14:42:36+00:00] INFO: template[/var/opt/gitlab/gitlab-rails/etc/session_store.yml] owner changed to 0
[2024-07-08T14:42:36+00:00] INFO: template[/var/opt/gitlab/gitlab-rails/etc/session_store.yml] group changed to 998
[2024-07-08T14:42:36+00:00] INFO: template[/var/opt/gitlab/gitlab-rails/etc/session_store.yml] mode changed to 640
[2024-07-08T14:42:36+00:00] INFO: template[/var/opt/gitlab/gitlab-rails/etc/gitlab.yml] created file /var/opt/gitlab/gitlab-rails/etc/gitlab.yml
[2024-07-08T14:42:36+00:00] INFO: template[/var/opt/gitlab/gitlab-rails/etc/gitlab.yml] updated file contents /var/opt/gitlab/gitlab-rails/etc/gitlab.yml
[2024-07-08T14:42:36+00:00] INFO: template[/var/opt/gitlab/gitlab-rails/etc/gitlab.yml] owner changed to 0
[2024-07-08T14:42:36+00:00] INFO: template[/var/opt/gitlab/gitlab-rails/etc/gitlab.yml] group changed to 998
[2024-07-08T14:42:36+00:00] INFO: template[/var/opt/gitlab/gitlab-rails/etc/gitlab.yml] mode changed to 640
[2024-07-08T14:42:36+00:00] INFO: template[/var/opt/gitlab/gitlab-rails/etc/gitlab_workhorse_secret] created file /var/opt/gitlab/gitlab-rails/etc/gitlab_workhorse_secret
[2024-07-08T14:42:36+00:00] INFO: template[/var/opt/gitlab/gitlab-rails/etc/gitlab_workhorse_secret] updated file contents /var/opt/gitlab/gitlab-rails/etc/gitlab_workhorse_secret
[2024-07-08T14:42:36+00:00] INFO: template[/var/opt/gitlab/gitlab-rails/etc/gitlab_workhorse_secret] owner changed to 0
[2024-07-08T14:42:36+00:00] INFO: template[/var/opt/gitlab/gitlab-rails/etc/gitlab_workhorse_secret] group changed to 0
[2024-07-08T14:42:36+00:00] INFO: template[/var/opt/gitlab/gitlab-rails/etc/gitlab_workhorse_secret] mode changed to 644
[2024-07-08T14:42:36+00:00] INFO: template[/var/opt/gitlab/gitlab-rails/etc/gitlab_shell_secret] created file /var/opt/gitlab/gitlab-rails/etc/gitlab_shell_secret
[2024-07-08T14:42:36+00:00] INFO: template[/var/opt/gitlab/gitlab-rails/etc/gitlab_shell_secret] updated file contents /var/opt/gitlab/gitlab-rails/etc/gitlab_shell_secret
[2024-07-08T14:42:36+00:00] INFO: template[/var/opt/gitlab/gitlab-rails/etc/gitlab_shell_secret] owner changed to 0
[2024-07-08T14:42:36+00:00] INFO: template[/var/opt/gitlab/gitlab-rails/etc/gitlab_shell_secret] group changed to 0
[2024-07-08T14:42:36+00:00] INFO: template[/var/opt/gitlab/gitlab-rails/etc/gitlab_shell_secret] mode changed to 644
[2024-07-08T14:42:36+00:00] WARN: only_if block for templatesymlink[Create a gitlab_pages_secret and create a symlink to Rails root] returned a string, did you mean to run a command?
[2024-07-08T14:42:36+00:00] INFO: template[/var/opt/gitlab/gitlab-rails/etc/gitlab_pages_secret] created file /var/opt/gitlab/gitlab-rails/etc/gitlab_pages_secret
[2024-07-08T14:42:36+00:00] INFO: template[/var/opt/gitlab/gitlab-rails/etc/gitlab_pages_secret] updated file contents /var/opt/gitlab/gitlab-rails/etc/gitlab_pages_secret
[2024-07-08T14:42:36+00:00] INFO: template[/var/opt/gitlab/gitlab-rails/etc/gitlab_pages_secret] owner changed to 0
[2024-07-08T14:42:36+00:00] INFO: template[/var/opt/gitlab/gitlab-rails/etc/gitlab_pages_secret] group changed to 0
[2024-07-08T14:42:36+00:00] INFO: template[/var/opt/gitlab/gitlab-rails/etc/gitlab_pages_secret] mode changed to 644
[2024-07-08T14:42:36+00:00] WARN: only_if block for templatesymlink[Create a gitlab_kas_secret and create a symlink to Rails root] returned a string, did you mean to run a command?
[2024-07-08T14:42:36+00:00] INFO: template[/var/opt/gitlab/gitlab-rails/etc/gitlab_kas_secret] created file /var/opt/gitlab/gitlab-rails/etc/gitlab_kas_secret
[2024-07-08T14:42:36+00:00] INFO: template[/var/opt/gitlab/gitlab-rails/etc/gitlab_kas_secret] updated file contents /var/opt/gitlab/gitlab-rails/etc/gitlab_kas_secret
[2024-07-08T14:42:36+00:00] INFO: template[/var/opt/gitlab/gitlab-rails/etc/gitlab_kas_secret] owner changed to 0
[2024-07-08T14:42:36+00:00] INFO: template[/var/opt/gitlab/gitlab-rails/etc/gitlab_kas_secret] group changed to 0
[2024-07-08T14:42:36+00:00] INFO: template[/var/opt/gitlab/gitlab-rails/etc/gitlab_kas_secret] mode changed to 644
[2024-07-08T14:42:36+00:00] INFO: remote_file[/var/opt/gitlab/gitlab-rails/VERSION] created file /var/opt/gitlab/gitlab-rails/VERSION
[2024-07-08T14:42:36+00:00] INFO: remote_file[/var/opt/gitlab/gitlab-rails/VERSION] updated file contents /var/opt/gitlab/gitlab-rails/VERSION
[2024-07-08T14:42:36+00:00] INFO: remote_file[/var/opt/gitlab/gitlab-rails/REVISION] created file /var/opt/gitlab/gitlab-rails/REVISION
[2024-07-08T14:42:36+00:00] INFO: remote_file[/var/opt/gitlab/gitlab-rails/REVISION] updated file contents /var/opt/gitlab/gitlab-rails/REVISION
[2024-07-08T14:42:36+00:00] INFO: file[/var/opt/gitlab/gitlab-rails/RUBY_VERSION] created file /var/opt/gitlab/gitlab-rails/RUBY_VERSION
[2024-07-08T14:42:36+00:00] INFO: file[/var/opt/gitlab/gitlab-rails/RUBY_VERSION] updated file contents /var/opt/gitlab/gitlab-rails/RUBY_VERSION
[2024-07-08T14:42:36+00:00] INFO: directory[/etc/gitlab/trusted-certs] created directory /etc/gitlab/trusted-certs
[2024-07-08T14:42:36+00:00] INFO: directory[/etc/gitlab/trusted-certs] mode changed to 755
[2024-07-08T14:42:36+00:00] INFO: ruby_block[Move existing certs and link to /opt/gitlab/embedded/ssl/certs] called
[2024-07-08T14:42:37+00:00] INFO: ruby_block[directory resource: /var/opt/gitlab/.ssh] called
[2024-07-08T14:42:37+00:00] INFO: directory[/var/opt/gitlab/gitlab-shell] created directory /var/opt/gitlab/gitlab-shell
[2024-07-08T14:42:37+00:00] INFO: directory[/var/opt/gitlab/gitlab-shell] owner changed to 998
[2024-07-08T14:42:37+00:00] INFO: directory[/var/opt/gitlab/gitlab-shell] mode changed to 700
[2024-07-08T14:42:37+00:00] INFO: directory[/var/log/gitlab/gitlab-shell] created directory /var/log/gitlab/gitlab-shell
[2024-07-08T14:42:37+00:00] INFO: directory[/var/log/gitlab/gitlab-shell] owner changed to 998
[2024-07-08T14:42:37+00:00] INFO: directory[/var/log/gitlab/gitlab-shell] mode changed to 700
[2024-07-08T14:42:37+00:00] INFO: template[/var/opt/gitlab/gitlab-shell/config.yml] created file /var/opt/gitlab/gitlab-shell/config.yml
[2024-07-08T14:42:37+00:00] INFO: template[/var/opt/gitlab/gitlab-shell/config.yml] updated file contents /var/opt/gitlab/gitlab-shell/config.yml
[2024-07-08T14:42:37+00:00] INFO: template[/var/opt/gitlab/gitlab-shell/config.yml] owner changed to 0
[2024-07-08T14:42:37+00:00] INFO: template[/var/opt/gitlab/gitlab-shell/config.yml] group changed to 998
[2024-07-08T14:42:37+00:00] INFO: template[/var/opt/gitlab/gitlab-shell/config.yml] mode changed to 640
[2024-07-08T14:42:37+00:00] INFO: file[/var/opt/gitlab/.ssh/authorized_keys] created file /var/opt/gitlab/.ssh/authorized_keys
[2024-07-08T14:42:37+00:00] INFO: file[/var/opt/gitlab/.ssh/authorized_keys] owner changed to 998
[2024-07-08T14:42:37+00:00] INFO: file[/var/opt/gitlab/.ssh/authorized_keys] group changed to 998
[2024-07-08T14:42:37+00:00] INFO: file[/var/opt/gitlab/.ssh/authorized_keys] mode changed to 600
[2024-07-08T14:42:37+00:00] INFO: directory[/var/opt/gitlab/logrotate] created directory /var/opt/gitlab/logrotate
[2024-07-08T14:42:37+00:00] INFO: directory[/var/opt/gitlab/logrotate] mode changed to 700
[2024-07-08T14:42:37+00:00] INFO: directory[/var/opt/gitlab/logrotate/logrotate.d] created directory /var/opt/gitlab/logrotate/logrotate.d
[2024-07-08T14:42:37+00:00] INFO: directory[/var/opt/gitlab/logrotate/logrotate.d] mode changed to 700
[2024-07-08T14:42:37+00:00] INFO: directory[/var/log/gitlab/logrotate] created directory /var/log/gitlab/logrotate
[2024-07-08T14:42:37+00:00] INFO: directory[/var/log/gitlab/logrotate] owner changed to 0
[2024-07-08T14:42:37+00:00] INFO: directory[/var/log/gitlab/logrotate] mode changed to 700
[2024-07-08T14:42:37+00:00] INFO: template[/var/opt/gitlab/logrotate/logrotate.conf] created file /var/opt/gitlab/logrotate/logrotate.conf
[2024-07-08T14:42:37+00:00] INFO: template[/var/opt/gitlab/logrotate/logrotate.conf] updated file contents /var/opt/gitlab/logrotate/logrotate.conf
[2024-07-08T14:42:37+00:00] INFO: template[/var/opt/gitlab/logrotate/logrotate.conf] mode changed to 644
[2024-07-08T14:42:37+00:00] INFO: template[/var/opt/gitlab/logrotate/logrotate.d/nginx] created file /var/opt/gitlab/logrotate/logrotate.d/nginx
[2024-07-08T14:42:37+00:00] INFO: template[/var/opt/gitlab/logrotate/logrotate.d/nginx] updated file contents /var/opt/gitlab/logrotate/logrotate.d/nginx
[2024-07-08T14:42:37+00:00] INFO: template[/var/opt/gitlab/logrotate/logrotate.d/puma] created file /var/opt/gitlab/logrotate/logrotate.d/puma
[2024-07-08T14:42:37+00:00] INFO: template[/var/opt/gitlab/logrotate/logrotate.d/puma] updated file contents /var/opt/gitlab/logrotate/logrotate.d/puma
[2024-07-08T14:42:37+00:00] INFO: template[/var/opt/gitlab/logrotate/logrotate.d/gitlab-rails] created file /var/opt/gitlab/logrotate/logrotate.d/gitlab-rails
[2024-07-08T14:42:37+00:00] INFO: template[/var/opt/gitlab/logrotate/logrotate.d/gitlab-rails] updated file contents /var/opt/gitlab/logrotate/logrotate.d/gitlab-rails
[2024-07-08T14:42:37+00:00] INFO: template[/var/opt/gitlab/logrotate/logrotate.d/gitlab-shell] created file /var/opt/gitlab/logrotate/logrotate.d/gitlab-shell
[2024-07-08T14:42:37+00:00] INFO: template[/var/opt/gitlab/logrotate/logrotate.d/gitlab-shell] updated file contents /var/opt/gitlab/logrotate/logrotate.d/gitlab-shell
[2024-07-08T14:42:37+00:00] INFO: template[/var/opt/gitlab/logrotate/logrotate.d/gitlab-workhorse] created file /var/opt/gitlab/logrotate/logrotate.d/gitlab-workhorse
[2024-07-08T14:42:37+00:00] INFO: template[/var/opt/gitlab/logrotate/logrotate.d/gitlab-workhorse] updated file contents /var/opt/gitlab/logrotate/logrotate.d/gitlab-workhorse
[2024-07-08T14:42:37+00:00] INFO: template[/var/opt/gitlab/logrotate/logrotate.d/gitlab-pages] created file /var/opt/gitlab/logrotate/logrotate.d/gitlab-pages
[2024-07-08T14:42:37+00:00] INFO: template[/var/opt/gitlab/logrotate/logrotate.d/gitlab-pages] updated file contents /var/opt/gitlab/logrotate/logrotate.d/gitlab-pages
[2024-07-08T14:42:37+00:00] INFO: template[/var/opt/gitlab/logrotate/logrotate.d/gitlab-kas] created file /var/opt/gitlab/logrotate/logrotate.d/gitlab-kas
[2024-07-08T14:42:37+00:00] INFO: template[/var/opt/gitlab/logrotate/logrotate.d/gitlab-kas] updated file contents /var/opt/gitlab/logrotate/logrotate.d/gitlab-kas
[2024-07-08T14:42:37+00:00] INFO: template[/var/opt/gitlab/logrotate/logrotate.d/gitaly] created file /var/opt/gitlab/logrotate/logrotate.d/gitaly
[2024-07-08T14:42:37+00:00] INFO: template[/var/opt/gitlab/logrotate/logrotate.d/gitaly] updated file contents /var/opt/gitlab/logrotate/logrotate.d/gitaly
[2024-07-08T14:42:37+00:00] INFO: template[/var/opt/gitlab/logrotate/logrotate.d/mailroom] created file /var/opt/gitlab/logrotate/logrotate.d/mailroom
[2024-07-08T14:42:37+00:00] INFO: template[/var/opt/gitlab/logrotate/logrotate.d/mailroom] updated file contents /var/opt/gitlab/logrotate/logrotate.d/mailroom
[2024-07-08T14:42:37+00:00] INFO: link[/var/log/gitlab/logrotate/config] created
[2024-07-08T14:42:37+00:00] INFO: link[/opt/gitlab/service/logrotate] created
[2024-07-08T14:42:38+00:00] INFO: Retrying execution of execute[/opt/gitlab/bin/gitlab-ctl start logrotate], 19 attempts left
[2024-07-08T14:42:41+00:00] INFO: execute[/opt/gitlab/bin/gitlab-ctl start logrotate] ran successfully
[2024-07-08T14:42:41+00:00] WARN: redis does not have a log_group or default logdir mode defined. Setting to 0700.
[2024-07-08T14:42:41+00:00] INFO: directory[/var/opt/gitlab/redis] created directory /var/opt/gitlab/redis
[2024-07-08T14:42:41+00:00] INFO: directory[/var/opt/gitlab/redis] owner changed to 997
[2024-07-08T14:42:41+00:00] INFO: directory[/var/opt/gitlab/redis] group changed to 998
[2024-07-08T14:42:41+00:00] INFO: directory[/var/opt/gitlab/redis] mode changed to 750
[2024-07-08T14:42:41+00:00] INFO: directory[/var/log/gitlab/redis] created directory /var/log/gitlab/redis
[2024-07-08T14:42:41+00:00] INFO: directory[/var/log/gitlab/redis] owner changed to 997
[2024-07-08T14:42:41+00:00] INFO: directory[/var/log/gitlab/redis] mode changed to 700
[2024-07-08T14:42:41+00:00] INFO: template[/var/opt/gitlab/redis/redis.conf] created file /var/opt/gitlab/redis/redis.conf
[2024-07-08T14:42:41+00:00] INFO: template[/var/opt/gitlab/redis/redis.conf] updated file contents /var/opt/gitlab/redis/redis.conf
[2024-07-08T14:42:41+00:00] INFO: template[/var/opt/gitlab/redis/redis.conf] owner changed to 997
[2024-07-08T14:42:41+00:00] INFO: template[/var/opt/gitlab/redis/redis.conf] mode changed to 644
[2024-07-08T14:42:41+00:00] INFO: link[/var/log/gitlab/redis/config] created
[2024-07-08T14:42:41+00:00] INFO: link[/opt/gitlab/service/redis] created
[2024-07-08T14:42:42+00:00] INFO: Retrying execution of execute[/opt/gitlab/bin/gitlab-ctl start redis], 19 attempts left
[2024-07-08T14:42:45+00:00] INFO: execute[/opt/gitlab/bin/gitlab-ctl start redis] ran successfully
[2024-07-08T14:42:45+00:00] INFO: directory[/var/opt/gitlab/gitaly] created directory /var/opt/gitlab/gitaly
[2024-07-08T14:42:45+00:00] INFO: directory[/var/opt/gitlab/gitaly] owner changed to 998
[2024-07-08T14:42:45+00:00] INFO: directory[/var/opt/gitlab/gitaly] mode changed to 700
[2024-07-08T14:42:45+00:00] INFO: directory[/var/opt/gitlab/gitaly/run] created directory /var/opt/gitlab/gitaly/run
[2024-07-08T14:42:45+00:00] INFO: directory[/var/opt/gitlab/gitaly/run] owner changed to 998
[2024-07-08T14:42:45+00:00] INFO: directory[/var/opt/gitlab/gitaly/run] mode changed to 700
[2024-07-08T14:42:45+00:00] INFO: directory[/var/log/gitlab/gitaly] created directory /var/log/gitlab/gitaly
[2024-07-08T14:42:45+00:00] INFO: directory[/var/log/gitlab/gitaly] owner changed to 998
[2024-07-08T14:42:45+00:00] INFO: directory[/var/log/gitlab/gitaly] mode changed to 700
[2024-07-08T14:42:45+00:00] INFO: template[Create Gitaly config.toml] created file /var/opt/gitlab/gitaly/config.toml
[2024-07-08T14:42:45+00:00] INFO: template[Create Gitaly config.toml] updated file contents /var/opt/gitlab/gitaly/config.toml
[2024-07-08T14:42:45+00:00] INFO: template[Create Gitaly config.toml] owner changed to 0
[2024-07-08T14:42:45+00:00] INFO: template[Create Gitaly config.toml] group changed to 998
[2024-07-08T14:42:45+00:00] INFO: template[Create Gitaly config.toml] mode changed to 640
[2024-07-08T14:42:45+00:00] INFO: link[/var/log/gitlab/gitaly/config] created
[2024-07-08T14:42:45+00:00] INFO: link[/opt/gitlab/service/gitaly] created
[2024-07-08T14:42:46+00:00] INFO: Retrying execution of execute[/opt/gitlab/bin/gitlab-ctl start gitaly], 19 attempts left
[2024-07-08T14:42:49+00:00] INFO: execute[/opt/gitlab/bin/gitlab-ctl start gitaly] ran successfully
[2024-07-08T14:42:51+00:00] INFO: file[/var/opt/gitlab/gitaly/VERSION] created file /var/opt/gitlab/gitaly/VERSION
[2024-07-08T14:42:51+00:00] INFO: file[/var/opt/gitlab/gitaly/VERSION] updated file contents /var/opt/gitlab/gitaly/VERSION
[2024-07-08T14:42:51+00:00] INFO: ruby_block[Link postgresql bin files to the correct version] called
[2024-07-08T14:42:51+00:00] INFO: directory[/var/opt/gitlab/postgresql] created directory /var/opt/gitlab/postgresql
[2024-07-08T14:42:51+00:00] INFO: directory[/var/opt/gitlab/postgresql] owner changed to 996
[2024-07-08T14:42:51+00:00] INFO: directory[/var/opt/gitlab/postgresql] mode changed to 755
[2024-07-08T14:42:51+00:00] INFO: file[/var/opt/gitlab/postgresql/.profile] created file /var/opt/gitlab/postgresql/.profile
[2024-07-08T14:42:51+00:00] INFO: file[/var/opt/gitlab/postgresql/.profile] updated file contents /var/opt/gitlab/postgresql/.profile
[2024-07-08T14:42:51+00:00] INFO: file[/var/opt/gitlab/postgresql/.profile] owner changed to 996
[2024-07-08T14:42:51+00:00] INFO: file[/var/opt/gitlab/postgresql/.profile] mode changed to 600
[2024-07-08T14:42:51+00:00] INFO: directory[/var/opt/gitlab/postgresql/data] created directory /var/opt/gitlab/postgresql/data
[2024-07-08T14:42:51+00:00] INFO: directory[/var/opt/gitlab/postgresql/data] owner changed to 996
[2024-07-08T14:42:51+00:00] INFO: directory[/var/opt/gitlab/postgresql/data] mode changed to 700
[2024-07-08T14:42:51+00:00] INFO: directory[/var/log/gitlab/postgresql] created directory /var/log/gitlab/postgresql
[2024-07-08T14:42:51+00:00] INFO: directory[/var/log/gitlab/postgresql] owner changed to 996
[2024-07-08T14:42:51+00:00] INFO: directory[/var/log/gitlab/postgresql] mode changed to 700
[2024-07-08T14:42:53+00:00] INFO: execute[/opt/gitlab/embedded/bin/initdb -D /var/opt/gitlab/postgresql/data -E UTF8] ran successfully
[2024-07-08T14:42:53+00:00] INFO: file[/var/opt/gitlab/postgresql/data/server.crt] created file /var/opt/gitlab/postgresql/data/server.crt
[2024-07-08T14:42:53+00:00] INFO: file[/var/opt/gitlab/postgresql/data/server.crt] updated file contents /var/opt/gitlab/postgresql/data/server.crt
[2024-07-08T14:42:53+00:00] INFO: file[/var/opt/gitlab/postgresql/data/server.crt] owner changed to 996
[2024-07-08T14:42:53+00:00] INFO: file[/var/opt/gitlab/postgresql/data/server.crt] group changed to 996
[2024-07-08T14:42:53+00:00] INFO: file[/var/opt/gitlab/postgresql/data/server.crt] mode changed to 600
[2024-07-08T14:42:53+00:00] INFO: file[/var/opt/gitlab/postgresql/data/server.key] created file /var/opt/gitlab/postgresql/data/server.key
[2024-07-08T14:42:53+00:00] INFO: file[/var/opt/gitlab/postgresql/data/server.key] updated file contents /var/opt/gitlab/postgresql/data/server.key
[2024-07-08T14:42:53+00:00] INFO: file[/var/opt/gitlab/postgresql/data/server.key] owner changed to 996
[2024-07-08T14:42:53+00:00] INFO: file[/var/opt/gitlab/postgresql/data/server.key] group changed to 996
[2024-07-08T14:42:53+00:00] INFO: file[/var/opt/gitlab/postgresql/data/server.key] mode changed to 600
[2024-07-08T14:42:53+00:00] INFO: template[/var/opt/gitlab/postgresql/data/postgresql.conf] backed up to /opt/gitlab/embedded/cookbooks/cache/backup/var/opt/gitlab/postgresql/data/postgresql.conf.chef-20240708144253.660298
[2024-07-08T14:42:53+00:00] INFO: template[/var/opt/gitlab/postgresql/data/postgresql.conf] updated file contents /var/opt/gitlab/postgresql/data/postgresql.conf
[2024-07-08T14:42:53+00:00] INFO: template[/var/opt/gitlab/postgresql/data/postgresql.conf] mode changed to 644
[2024-07-08T14:42:53+00:00] INFO: template[/var/opt/gitlab/postgresql/data/runtime.conf] created file /var/opt/gitlab/postgresql/data/runtime.conf
[2024-07-08T14:42:53+00:00] INFO: template[/var/opt/gitlab/postgresql/data/runtime.conf] updated file contents /var/opt/gitlab/postgresql/data/runtime.conf
[2024-07-08T14:42:53+00:00] INFO: template[/var/opt/gitlab/postgresql/data/runtime.conf] owner changed to 996
[2024-07-08T14:42:53+00:00] INFO: template[/var/opt/gitlab/postgresql/data/runtime.conf] mode changed to 644
[2024-07-08T14:42:53+00:00] INFO: template[/var/opt/gitlab/postgresql/data/pg_hba.conf] backed up to /opt/gitlab/embedded/cookbooks/cache/backup/var/opt/gitlab/postgresql/data/pg_hba.conf.chef-20240708144253.704183
[2024-07-08T14:42:53+00:00] INFO: template[/var/opt/gitlab/postgresql/data/pg_hba.conf] updated file contents /var/opt/gitlab/postgresql/data/pg_hba.conf
[2024-07-08T14:42:53+00:00] INFO: template[/var/opt/gitlab/postgresql/data/pg_hba.conf] mode changed to 644
[2024-07-08T14:42:53+00:00] INFO: template[/var/opt/gitlab/postgresql/data/pg_ident.conf] backed up to /opt/gitlab/embedded/cookbooks/cache/backup/var/opt/gitlab/postgresql/data/pg_ident.conf.chef-20240708144253.717056
[2024-07-08T14:42:53+00:00] INFO: template[/var/opt/gitlab/postgresql/data/pg_ident.conf] updated file contents /var/opt/gitlab/postgresql/data/pg_ident.conf
[2024-07-08T14:42:53+00:00] INFO: template[/var/opt/gitlab/postgresql/data/pg_ident.conf] mode changed to 644
[2024-07-08T14:42:53+00:00] INFO: link[/var/log/gitlab/postgresql/config] created
[2024-07-08T14:42:53+00:00] INFO: link[/opt/gitlab/service/postgresql] created
[2024-07-08T14:42:54+00:00] INFO: Retrying execution of execute[/opt/gitlab/bin/gitlab-ctl start postgresql], 19 attempts left
[2024-07-08T14:42:57+00:00] INFO: Retrying execution of execute[/opt/gitlab/bin/gitlab-ctl start postgresql], 18 attempts left
[2024-07-08T14:43:00+00:00] INFO: execute[/opt/gitlab/bin/gitlab-ctl start postgresql] ran successfully
[2024-07-08T14:43:00+00:00] INFO: execute[create gitlab postgresql user] ran successfully
[2024-07-08T14:43:01+00:00] INFO: execute[create gitlab_replicator postgresql user] ran successfully
[2024-07-08T14:43:01+00:00] INFO: execute[set options for gitlab_replicator postgresql user] ran successfully
[2024-07-08T14:43:03+00:00] INFO: execute[create database gitlabhq_production] ran successfully
[2024-07-08T14:43:03+00:00] INFO: execute[enable pg_trgm extension (postgresql)] ran successfully
[2024-07-08T14:43:04+00:00] INFO: execute[enable btree_gist extension (postgresql)] ran successfully
[2024-07-08T14:43:05+00:00] INFO: file[/var/opt/gitlab/postgresql/VERSION] created file /var/opt/gitlab/postgresql/VERSION
[2024-07-08T14:43:05+00:00] INFO: file[/var/opt/gitlab/postgresql/VERSION] updated file contents /var/opt/gitlab/postgresql/VERSION
[2024-07-08T14:43:06+00:00] INFO: directory[/var/opt/gitlab/gitlab-kas] created directory /var/opt/gitlab/gitlab-kas
[2024-07-08T14:43:06+00:00] INFO: directory[/var/opt/gitlab/gitlab-kas] owner changed to 998
[2024-07-08T14:43:06+00:00] INFO: directory[/var/opt/gitlab/gitlab-kas] mode changed to 700
[2024-07-08T14:43:06+00:00] INFO: directory[/var/log/gitlab/gitlab-kas] created directory /var/log/gitlab/gitlab-kas
[2024-07-08T14:43:06+00:00] INFO: directory[/var/log/gitlab/gitlab-kas] owner changed to 998
[2024-07-08T14:43:06+00:00] INFO: directory[/var/log/gitlab/gitlab-kas] mode changed to 700
[2024-07-08T14:43:06+00:00] INFO: file[/var/opt/gitlab/gitlab-kas/VERSION] created file /var/opt/gitlab/gitlab-kas/VERSION
[2024-07-08T14:43:06+00:00] INFO: file[/var/opt/gitlab/gitlab-kas/VERSION] updated file contents /var/opt/gitlab/gitlab-kas/VERSION
[2024-07-08T14:43:06+00:00] INFO: file[/var/opt/gitlab/gitlab-kas/authentication_secret_file] created file /var/opt/gitlab/gitlab-kas/authentication_secret_file
[2024-07-08T14:43:06+00:00] INFO: file[/var/opt/gitlab/gitlab-kas/authentication_secret_file] updated file contents /var/opt/gitlab/gitlab-kas/authentication_secret_file
[2024-07-08T14:43:06+00:00] INFO: file[/var/opt/gitlab/gitlab-kas/authentication_secret_file] owner changed to 0
[2024-07-08T14:43:06+00:00] INFO: file[/var/opt/gitlab/gitlab-kas/authentication_secret_file] group changed to 998
[2024-07-08T14:43:06+00:00] INFO: file[/var/opt/gitlab/gitlab-kas/authentication_secret_file] mode changed to 640
[2024-07-08T14:43:06+00:00] INFO: file[/var/opt/gitlab/gitlab-kas/private_api_authentication_secret_file] created file /var/opt/gitlab/gitlab-kas/private_api_authentication_secret_file
[2024-07-08T14:43:06+00:00] INFO: file[/var/opt/gitlab/gitlab-kas/private_api_authentication_secret_file] updated file contents /var/opt/gitlab/gitlab-kas/private_api_authentication_secret_file
[2024-07-08T14:43:06+00:00] INFO: file[/var/opt/gitlab/gitlab-kas/private_api_authentication_secret_file] owner changed to 0
[2024-07-08T14:43:06+00:00] INFO: file[/var/opt/gitlab/gitlab-kas/private_api_authentication_secret_file] group changed to 998
[2024-07-08T14:43:06+00:00] INFO: file[/var/opt/gitlab/gitlab-kas/private_api_authentication_secret_file] mode changed to 640
[2024-07-08T14:43:06+00:00] INFO: template[/var/opt/gitlab/gitlab-kas/gitlab-kas-config.yml] created file /var/opt/gitlab/gitlab-kas/gitlab-kas-config.yml
[2024-07-08T14:43:06+00:00] INFO: template[/var/opt/gitlab/gitlab-kas/gitlab-kas-config.yml] updated file contents /var/opt/gitlab/gitlab-kas/gitlab-kas-config.yml
[2024-07-08T14:43:06+00:00] INFO: template[/var/opt/gitlab/gitlab-kas/gitlab-kas-config.yml] owner changed to 0
[2024-07-08T14:43:06+00:00] INFO: template[/var/opt/gitlab/gitlab-kas/gitlab-kas-config.yml] group changed to 998
[2024-07-08T14:43:06+00:00] INFO: template[/var/opt/gitlab/gitlab-kas/gitlab-kas-config.yml] mode changed to 640
[2024-07-08T14:43:06+00:00] INFO: link[/var/log/gitlab/gitlab-kas/config] created
[2024-07-08T14:43:06+00:00] INFO: link[/opt/gitlab/service/gitlab-kas] created
[2024-07-08T14:43:06+00:00] WARN: gitlab-rails does not have a log_group or default logdir mode defined. Setting to 0700.
[2024-07-08T14:43:56+00:00] INFO: bash_hide_env[migrate gitlab-rails database] ran successfully
[2024-07-08T14:43:56+00:00] INFO: rails_migration[gitlab-rails] sending run action to execute[clear the gitlab-rails cache] (immediate)
[2024-07-08T14:44:19+00:00] INFO: execute[clear the gitlab-rails cache] ran successfully
[2024-07-08T14:44:19+00:00] INFO: rails_migration[gitlab-rails] sending run action to ruby_block[check remote PG version] (immediate)
[2024-07-08T14:44:19+00:00] INFO: directory[/var/log/gitlab/puma] created directory /var/log/gitlab/puma
[2024-07-08T14:44:19+00:00] INFO: directory[/var/log/gitlab/puma] owner changed to 998
[2024-07-08T14:44:19+00:00] INFO: directory[/var/log/gitlab/puma] mode changed to 700
[2024-07-08T14:44:19+00:00] INFO: directory[/var/opt/gitlab/gitlab-rails/sockets] created directory /var/opt/gitlab/gitlab-rails/sockets
[2024-07-08T14:44:19+00:00] INFO: directory[/var/opt/gitlab/gitlab-rails/sockets] owner changed to 998
[2024-07-08T14:44:19+00:00] INFO: directory[/var/opt/gitlab/gitlab-rails/sockets] group changed to 999
[2024-07-08T14:44:19+00:00] INFO: directory[/var/opt/gitlab/gitlab-rails/sockets] mode changed to 750
[2024-07-08T14:44:19+00:00] INFO: template[/var/opt/gitlab/gitlab-rails/etc/puma.rb] created file /var/opt/gitlab/gitlab-rails/etc/puma.rb
[2024-07-08T14:44:19+00:00] INFO: template[/var/opt/gitlab/gitlab-rails/etc/puma.rb] updated file contents /var/opt/gitlab/gitlab-rails/etc/puma.rb
[2024-07-08T14:44:19+00:00] INFO: template[/var/opt/gitlab/gitlab-rails/etc/puma.rb] owner changed to 0
[2024-07-08T14:44:19+00:00] INFO: template[/var/opt/gitlab/gitlab-rails/etc/puma.rb] group changed to 0
[2024-07-08T14:44:19+00:00] INFO: template[/var/opt/gitlab/gitlab-rails/etc/puma.rb] mode changed to 644
[2024-07-08T14:44:19+00:00] INFO: link[/var/log/gitlab/puma/config] created
[2024-07-08T14:44:19+00:00] INFO: link[/opt/gitlab/service/puma] created
[2024-07-08T14:44:20+00:00] INFO: execute[/opt/gitlab/bin/gitlab-ctl start puma] ran successfully
[2024-07-08T14:44:20+00:00] WARN: sidekiq does not have a log_group or default logdir mode defined. Setting to 0700.
[2024-07-08T14:44:20+00:00] INFO: directory[/var/log/gitlab/sidekiq] created directory /var/log/gitlab/sidekiq
[2024-07-08T14:44:20+00:00] INFO: directory[/var/log/gitlab/sidekiq] owner changed to 998
[2024-07-08T14:44:20+00:00] INFO: directory[/var/log/gitlab/sidekiq] mode changed to 700
[2024-07-08T14:44:20+00:00] INFO: link[/var/log/gitlab/sidekiq/config] created
[2024-07-08T14:44:20+00:00] INFO: link[/opt/gitlab/service/sidekiq] created
[2024-07-08T14:44:21+00:00] INFO: execute[/opt/gitlab/bin/gitlab-ctl start sidekiq] ran successfully
[2024-07-08T14:44:21+00:00] INFO: directory[/var/opt/gitlab/gitlab-workhorse] created directory /var/opt/gitlab/gitlab-workhorse
[2024-07-08T14:44:21+00:00] INFO: directory[/var/opt/gitlab/gitlab-workhorse] owner changed to 998
[2024-07-08T14:44:21+00:00] INFO: directory[/var/opt/gitlab/gitlab-workhorse] group changed to 999
[2024-07-08T14:44:21+00:00] INFO: directory[/var/opt/gitlab/gitlab-workhorse] mode changed to 750
[2024-07-08T14:44:21+00:00] INFO: directory[/var/opt/gitlab/gitlab-workhorse/sockets] created directory /var/opt/gitlab/gitlab-workhorse/sockets
[2024-07-08T14:44:21+00:00] INFO: directory[/var/opt/gitlab/gitlab-workhorse/sockets] owner changed to 998
[2024-07-08T14:44:21+00:00] INFO: directory[/var/opt/gitlab/gitlab-workhorse/sockets] group changed to 999
[2024-07-08T14:44:21+00:00] INFO: directory[/var/opt/gitlab/gitlab-workhorse/sockets] mode changed to 750
[2024-07-08T14:44:21+00:00] INFO: directory[/var/log/gitlab/gitlab-workhorse] created directory /var/log/gitlab/gitlab-workhorse
[2024-07-08T14:44:21+00:00] INFO: directory[/var/log/gitlab/gitlab-workhorse] owner changed to 998
[2024-07-08T14:44:21+00:00] INFO: directory[/var/log/gitlab/gitlab-workhorse] mode changed to 700
[2024-07-08T14:44:21+00:00] INFO: link[/var/log/gitlab/gitlab-workhorse/config] created
[2024-07-08T14:44:21+00:00] INFO: link[/opt/gitlab/service/gitlab-workhorse] created
[2024-07-08T14:44:21+00:00] INFO: file[/var/opt/gitlab/gitlab-workhorse/VERSION] created file /var/opt/gitlab/gitlab-workhorse/VERSION
[2024-07-08T14:44:21+00:00] INFO: file[/var/opt/gitlab/gitlab-workhorse/VERSION] updated file contents /var/opt/gitlab/gitlab-workhorse/VERSION
[2024-07-08T14:44:21+00:00] INFO: version_file[Create version file for Workhorse] not queuing delayed action restart on runit_service[gitlab-workhorse] (delayed), as it's already been queued
[2024-07-08T14:44:21+00:00] INFO: template[/var/opt/gitlab/gitlab-workhorse/config.toml] created file /var/opt/gitlab/gitlab-workhorse/config.toml
[2024-07-08T14:44:21+00:00] INFO: template[/var/opt/gitlab/gitlab-workhorse/config.toml] updated file contents /var/opt/gitlab/gitlab-workhorse/config.toml
[2024-07-08T14:44:21+00:00] INFO: template[/var/opt/gitlab/gitlab-workhorse/config.toml] owner changed to 0
[2024-07-08T14:44:21+00:00] INFO: template[/var/opt/gitlab/gitlab-workhorse/config.toml] group changed to 998
[2024-07-08T14:44:21+00:00] INFO: template[/var/opt/gitlab/gitlab-workhorse/config.toml] mode changed to 640
[2024-07-08T14:44:21+00:00] INFO: template[/var/opt/gitlab/gitlab-workhorse/config.toml] not queuing delayed action restart on runit_service[gitlab-workhorse] (delayed), as it's already been queued
[2024-07-08T14:44:21+00:00] INFO: directory[/var/opt/gitlab/nginx] created directory /var/opt/gitlab/nginx
[2024-07-08T14:44:21+00:00] INFO: directory[/var/opt/gitlab/nginx] owner changed to 0
[2024-07-08T14:44:21+00:00] INFO: directory[/var/opt/gitlab/nginx] group changed to 999
[2024-07-08T14:44:21+00:00] INFO: directory[/var/opt/gitlab/nginx] mode changed to 750
[2024-07-08T14:44:21+00:00] INFO: directory[/var/opt/gitlab/nginx/conf] created directory /var/opt/gitlab/nginx/conf
[2024-07-08T14:44:21+00:00] INFO: directory[/var/opt/gitlab/nginx/conf] owner changed to 0
[2024-07-08T14:44:21+00:00] INFO: directory[/var/opt/gitlab/nginx/conf] group changed to 999
[2024-07-08T14:44:21+00:00] INFO: directory[/var/opt/gitlab/nginx/conf] mode changed to 750
[2024-07-08T14:44:21+00:00] INFO: directory[/var/log/gitlab/nginx] created directory /var/log/gitlab/nginx
[2024-07-08T14:44:21+00:00] INFO: directory[/var/log/gitlab/nginx] owner changed to 0
[2024-07-08T14:44:21+00:00] INFO: directory[/var/log/gitlab/nginx] group changed to 999
[2024-07-08T14:44:21+00:00] INFO: directory[/var/log/gitlab/nginx] mode changed to 750
[2024-07-08T14:44:21+00:00] INFO: link[/var/opt/gitlab/nginx/logs] created
[2024-07-08T14:44:22+00:00] INFO: template[/var/opt/gitlab/nginx/conf/gitlab-http.conf] created file /var/opt/gitlab/nginx/conf/gitlab-http.conf
[2024-07-08T14:44:22+00:00] INFO: template[/var/opt/gitlab/nginx/conf/gitlab-http.conf] updated file contents /var/opt/gitlab/nginx/conf/gitlab-http.conf
[2024-07-08T14:44:22+00:00] INFO: template[/var/opt/gitlab/nginx/conf/gitlab-http.conf] owner changed to 0
[2024-07-08T14:44:22+00:00] INFO: template[/var/opt/gitlab/nginx/conf/gitlab-http.conf] group changed to 0
[2024-07-08T14:44:22+00:00] INFO: template[/var/opt/gitlab/nginx/conf/gitlab-http.conf] mode changed to 644
[2024-07-08T14:44:22+00:00] INFO: template[/var/opt/gitlab/nginx/conf/gitlab-health.conf] created file /var/opt/gitlab/nginx/conf/gitlab-health.conf
[2024-07-08T14:44:22+00:00] INFO: template[/var/opt/gitlab/nginx/conf/gitlab-health.conf] updated file contents /var/opt/gitlab/nginx/conf/gitlab-health.conf
[2024-07-08T14:44:22+00:00] INFO: template[/var/opt/gitlab/nginx/conf/gitlab-health.conf] owner changed to 0
[2024-07-08T14:44:22+00:00] INFO: template[/var/opt/gitlab/nginx/conf/gitlab-health.conf] group changed to 0
[2024-07-08T14:44:22+00:00] INFO: template[/var/opt/gitlab/nginx/conf/gitlab-health.conf] mode changed to 644
[2024-07-08T14:44:22+00:00] INFO: template[/var/opt/gitlab/nginx/conf/nginx-status.conf] created file /var/opt/gitlab/nginx/conf/nginx-status.conf
[2024-07-08T14:44:22+00:00] INFO: template[/var/opt/gitlab/nginx/conf/nginx-status.conf] updated file contents /var/opt/gitlab/nginx/conf/nginx-status.conf
[2024-07-08T14:44:22+00:00] INFO: template[/var/opt/gitlab/nginx/conf/nginx-status.conf] owner changed to 0
[2024-07-08T14:44:22+00:00] INFO: template[/var/opt/gitlab/nginx/conf/nginx-status.conf] group changed to 0
[2024-07-08T14:44:22+00:00] INFO: template[/var/opt/gitlab/nginx/conf/nginx-status.conf] mode changed to 644
[2024-07-08T14:44:22+00:00] INFO: template[/var/opt/gitlab/nginx/conf/nginx.conf] created file /var/opt/gitlab/nginx/conf/nginx.conf
[2024-07-08T14:44:22+00:00] INFO: template[/var/opt/gitlab/nginx/conf/nginx.conf] updated file contents /var/opt/gitlab/nginx/conf/nginx.conf
[2024-07-08T14:44:22+00:00] INFO: template[/var/opt/gitlab/nginx/conf/nginx.conf] owner changed to 0
[2024-07-08T14:44:22+00:00] INFO: template[/var/opt/gitlab/nginx/conf/nginx.conf] group changed to 0
[2024-07-08T14:44:22+00:00] INFO: template[/var/opt/gitlab/nginx/conf/nginx.conf] mode changed to 644
[2024-07-08T14:44:22+00:00] INFO: link[/var/log/gitlab/nginx/config] created
[2024-07-08T14:44:22+00:00] INFO: link[/opt/gitlab/service/nginx] created
[2024-07-08T14:44:22+00:00] INFO: file[/var/opt/gitlab/nginx/VERSION] created file /var/opt/gitlab/nginx/VERSION
[2024-07-08T14:44:22+00:00] INFO: file[/var/opt/gitlab/nginx/VERSION] updated file contents /var/opt/gitlab/nginx/VERSION
[2024-07-08T14:44:23+00:00] INFO: Retrying execution of execute[/opt/gitlab/bin/gitlab-ctl start nginx], 19 attempts left
[2024-07-08T14:44:26+00:00] INFO: execute[/opt/gitlab/bin/gitlab-ctl start nginx] ran successfully
[2024-07-08T14:44:26+00:00] INFO: file[/var/opt/gitlab/bootstrapped] created file /var/opt/gitlab/bootstrapped
[2024-07-08T14:44:26+00:00] INFO: file[/var/opt/gitlab/bootstrapped] updated file contents /var/opt/gitlab/bootstrapped
[2024-07-08T14:44:26+00:00] INFO: file[/var/opt/gitlab/bootstrapped] owner changed to 0
[2024-07-08T14:44:26+00:00] INFO: file[/var/opt/gitlab/bootstrapped] group changed to 0
[2024-07-08T14:44:26+00:00] INFO: file[/var/opt/gitlab/bootstrapped] mode changed to 600
[2024-07-08T14:44:26+00:00] INFO: directory[/var/opt/gitlab/gitlab-exporter] created directory /var/opt/gitlab/gitlab-exporter
[2024-07-08T14:44:26+00:00] INFO: directory[/var/opt/gitlab/gitlab-exporter] owner changed to 998
[2024-07-08T14:44:26+00:00] INFO: directory[/var/opt/gitlab/gitlab-exporter] mode changed to 755
[2024-07-08T14:44:26+00:00] INFO: directory[/var/log/gitlab/gitlab-exporter] created directory /var/log/gitlab/gitlab-exporter
[2024-07-08T14:44:26+00:00] INFO: directory[/var/log/gitlab/gitlab-exporter] owner changed to 998
[2024-07-08T14:44:26+00:00] INFO: directory[/var/log/gitlab/gitlab-exporter] mode changed to 700
[2024-07-08T14:44:26+00:00] INFO: template[/var/opt/gitlab/gitlab-exporter/gitlab-exporter.yml] created file /var/opt/gitlab/gitlab-exporter/gitlab-exporter.yml
[2024-07-08T14:44:26+00:00] INFO: template[/var/opt/gitlab/gitlab-exporter/gitlab-exporter.yml] updated file contents /var/opt/gitlab/gitlab-exporter/gitlab-exporter.yml
[2024-07-08T14:44:26+00:00] INFO: template[/var/opt/gitlab/gitlab-exporter/gitlab-exporter.yml] owner changed to 998
[2024-07-08T14:44:26+00:00] INFO: template[/var/opt/gitlab/gitlab-exporter/gitlab-exporter.yml] mode changed to 600
[2024-07-08T14:44:26+00:00] INFO: file[/var/opt/gitlab/gitlab-exporter/RUBY_VERSION] created file /var/opt/gitlab/gitlab-exporter/RUBY_VERSION
[2024-07-08T14:44:26+00:00] INFO: file[/var/opt/gitlab/gitlab-exporter/RUBY_VERSION] updated file contents /var/opt/gitlab/gitlab-exporter/RUBY_VERSION
[2024-07-08T14:44:26+00:00] INFO: version_file[Create version file for GitLab-Exporter] not queuing delayed action restart on runit_service[gitlab-exporter] (delayed), as it's already been queued
[2024-07-08T14:44:26+00:00] INFO: link[/var/log/gitlab/gitlab-exporter/config] created
[2024-07-08T14:44:26+00:00] INFO: link[/opt/gitlab/service/gitlab-exporter] created
[2024-07-08T14:44:27+00:00] INFO: Retrying execution of execute[/opt/gitlab/bin/gitlab-ctl start gitlab-exporter], 19 attempts left
[2024-07-08T14:44:30+00:00] INFO: execute[/opt/gitlab/bin/gitlab-ctl start gitlab-exporter] ran successfully
[2024-07-08T14:44:30+00:00] INFO: directory[/var/log/gitlab/redis-exporter] created directory /var/log/gitlab/redis-exporter
[2024-07-08T14:44:30+00:00] INFO: directory[/var/log/gitlab/redis-exporter] owner changed to 997
[2024-07-08T14:44:30+00:00] INFO: directory[/var/log/gitlab/redis-exporter] mode changed to 700
[2024-07-08T14:44:30+00:00] INFO: link[/var/log/gitlab/redis-exporter/config] created
[2024-07-08T14:44:30+00:00] INFO: link[/opt/gitlab/service/redis-exporter] created
[2024-07-08T14:44:31+00:00] INFO: Retrying execution of execute[/opt/gitlab/bin/gitlab-ctl start redis-exporter], 19 attempts left
[2024-07-08T14:44:34+00:00] INFO: Retrying execution of execute[/opt/gitlab/bin/gitlab-ctl start redis-exporter], 18 attempts left
[2024-07-08T14:44:37+00:00] INFO: execute[/opt/gitlab/bin/gitlab-ctl start redis-exporter] ran successfully
[2024-07-08T14:44:37+00:00] INFO: directory[/var/opt/gitlab/prometheus] created directory /var/opt/gitlab/prometheus
[2024-07-08T14:44:37+00:00] INFO: directory[/var/opt/gitlab/prometheus] owner changed to 992
[2024-07-08T14:44:37+00:00] INFO: directory[/var/opt/gitlab/prometheus] mode changed to 750
[2024-07-08T14:44:37+00:00] INFO: directory[/var/opt/gitlab/prometheus/rules] created directory /var/opt/gitlab/prometheus/rules
[2024-07-08T14:44:37+00:00] INFO: directory[/var/opt/gitlab/prometheus/rules] owner changed to 992
[2024-07-08T14:44:37+00:00] INFO: directory[/var/opt/gitlab/prometheus/rules] mode changed to 750
[2024-07-08T14:44:37+00:00] INFO: directory[/var/log/gitlab/prometheus] created directory /var/log/gitlab/prometheus
[2024-07-08T14:44:37+00:00] INFO: directory[/var/log/gitlab/prometheus] owner changed to 992
[2024-07-08T14:44:37+00:00] INFO: directory[/var/log/gitlab/prometheus] mode changed to 700
[2024-07-08T14:44:37+00:00] INFO: file[Prometheus config] created file /var/opt/gitlab/prometheus/prometheus.yml
[2024-07-08T14:44:37+00:00] INFO: file[Prometheus config] updated file contents /var/opt/gitlab/prometheus/prometheus.yml
[2024-07-08T14:44:37+00:00] INFO: file[Prometheus config] owner changed to 992
[2024-07-08T14:44:37+00:00] INFO: file[Prometheus config] mode changed to 644
[2024-07-08T14:44:37+00:00] INFO: link[/var/log/gitlab/prometheus/config] created
[2024-07-08T14:44:37+00:00] INFO: link[/opt/gitlab/service/prometheus] created
[2024-07-08T14:44:39+00:00] INFO: Retrying execution of execute[/opt/gitlab/bin/gitlab-ctl start prometheus], 19 attempts left
[2024-07-08T14:44:42+00:00] INFO: execute[/opt/gitlab/bin/gitlab-ctl start prometheus] ran successfully
[2024-07-08T14:44:42+00:00] INFO: template[/var/opt/gitlab/prometheus/rules/gitlab.rules] created file /var/opt/gitlab/prometheus/rules/gitlab.rules
[2024-07-08T14:44:42+00:00] INFO: template[/var/opt/gitlab/prometheus/rules/gitlab.rules] updated file contents /var/opt/gitlab/prometheus/rules/gitlab.rules
[2024-07-08T14:44:42+00:00] INFO: template[/var/opt/gitlab/prometheus/rules/gitlab.rules] owner changed to 992
[2024-07-08T14:44:42+00:00] INFO: template[/var/opt/gitlab/prometheus/rules/gitlab.rules] mode changed to 644
[2024-07-08T14:44:42+00:00] INFO: template[/var/opt/gitlab/prometheus/rules/gitlab.rules] not queuing delayed action run on execute[reload prometheus] (delayed), as it's already been queued
[2024-07-08T14:44:42+00:00] INFO: template[/var/opt/gitlab/prometheus/rules/node.rules] created file /var/opt/gitlab/prometheus/rules/node.rules
[2024-07-08T14:44:42+00:00] INFO: template[/var/opt/gitlab/prometheus/rules/node.rules] updated file contents /var/opt/gitlab/prometheus/rules/node.rules
[2024-07-08T14:44:42+00:00] INFO: template[/var/opt/gitlab/prometheus/rules/node.rules] owner changed to 992
[2024-07-08T14:44:42+00:00] INFO: template[/var/opt/gitlab/prometheus/rules/node.rules] mode changed to 644
[2024-07-08T14:44:42+00:00] INFO: template[/var/opt/gitlab/prometheus/rules/node.rules] not queuing delayed action run on execute[reload prometheus] (delayed), as it's already been queued
[2024-07-08T14:44:42+00:00] INFO: directory[/var/opt/gitlab/alertmanager] created directory /var/opt/gitlab/alertmanager
[2024-07-08T14:44:42+00:00] INFO: directory[/var/opt/gitlab/alertmanager] owner changed to 992
[2024-07-08T14:44:42+00:00] INFO: directory[/var/opt/gitlab/alertmanager] mode changed to 750
[2024-07-08T14:44:42+00:00] INFO: directory[/var/log/gitlab/alertmanager] created directory /var/log/gitlab/alertmanager
[2024-07-08T14:44:42+00:00] INFO: directory[/var/log/gitlab/alertmanager] owner changed to 992
[2024-07-08T14:44:42+00:00] INFO: directory[/var/log/gitlab/alertmanager] mode changed to 700
[2024-07-08T14:44:42+00:00] INFO: file[Alertmanager config] created file /var/opt/gitlab/alertmanager/alertmanager.yml
[2024-07-08T14:44:42+00:00] INFO: file[Alertmanager config] updated file contents /var/opt/gitlab/alertmanager/alertmanager.yml
[2024-07-08T14:44:42+00:00] INFO: file[Alertmanager config] owner changed to 992
[2024-07-08T14:44:42+00:00] INFO: file[Alertmanager config] mode changed to 644
[2024-07-08T14:44:42+00:00] INFO: link[/var/log/gitlab/alertmanager/config] created
[2024-07-08T14:44:42+00:00] INFO: link[/opt/gitlab/service/alertmanager] created
[2024-07-08T14:44:43+00:00] INFO: Retrying execution of execute[/opt/gitlab/bin/gitlab-ctl start alertmanager], 19 attempts left
[2024-07-08T14:44:46+00:00] INFO: Retrying execution of execute[/opt/gitlab/bin/gitlab-ctl start alertmanager], 18 attempts left
[2024-07-08T14:44:50+00:00] INFO: execute[/opt/gitlab/bin/gitlab-ctl start alertmanager] ran successfully
[2024-07-08T14:44:50+00:00] INFO: directory[/var/log/gitlab/postgres-exporter] created directory /var/log/gitlab/postgres-exporter
[2024-07-08T14:44:50+00:00] INFO: directory[/var/log/gitlab/postgres-exporter] owner changed to 996
[2024-07-08T14:44:50+00:00] INFO: directory[/var/log/gitlab/postgres-exporter] mode changed to 700
[2024-07-08T14:44:50+00:00] INFO: directory[/var/opt/gitlab/postgres-exporter] created directory /var/opt/gitlab/postgres-exporter
[2024-07-08T14:44:50+00:00] INFO: directory[/var/opt/gitlab/postgres-exporter] owner changed to 996
[2024-07-08T14:44:50+00:00] INFO: directory[/var/opt/gitlab/postgres-exporter] mode changed to 700
[2024-07-08T14:44:50+00:00] INFO: link[/var/log/gitlab/postgres-exporter/config] created
[2024-07-08T14:44:50+00:00] INFO: link[/opt/gitlab/service/postgres-exporter] created
[2024-07-08T14:44:50+00:00] INFO: template[/var/opt/gitlab/postgres-exporter/queries.yaml] created file /var/opt/gitlab/postgres-exporter/queries.yaml
[2024-07-08T14:44:50+00:00] INFO: template[/var/opt/gitlab/postgres-exporter/queries.yaml] updated file contents /var/opt/gitlab/postgres-exporter/queries.yaml
[2024-07-08T14:44:50+00:00] INFO: template[/var/opt/gitlab/postgres-exporter/queries.yaml] owner changed to 996
[2024-07-08T14:44:50+00:00] INFO: template[/var/opt/gitlab/postgres-exporter/queries.yaml] mode changed to 644
[2024-07-08T14:44:51+00:00] INFO: Retrying execution of execute[/opt/gitlab/bin/gitlab-ctl start postgres-exporter], 19 attempts left
[2024-07-08T14:44:54+00:00] INFO: execute[/opt/gitlab/bin/gitlab-ctl start postgres-exporter] ran successfully
[2024-07-08T14:44:54+00:00] WARN: only_if block for templatesymlink[Create a gitlab_suggested_reviewers_secret and create a symlink to Rails root] returned a string, did you mean to run a command?
[2024-07-08T14:44:54+00:00] INFO: template[/var/opt/gitlab/gitlab-rails/etc/gitlab_suggested_reviewers_secret] created file /var/opt/gitlab/gitlab-rails/etc/gitlab_suggested_reviewers_secret
[2024-07-08T14:44:54+00:00] INFO: template[/var/opt/gitlab/gitlab-rails/etc/gitlab_suggested_reviewers_secret] updated file contents /var/opt/gitlab/gitlab-rails/etc/gitlab_suggested_reviewers_secret
[2024-07-08T14:44:54+00:00] INFO: template[/var/opt/gitlab/gitlab-rails/etc/gitlab_suggested_reviewers_secret] owner changed to 0
[2024-07-08T14:44:54+00:00] INFO: template[/var/opt/gitlab/gitlab-rails/etc/gitlab_suggested_reviewers_secret] group changed to 0
[2024-07-08T14:44:54+00:00] INFO: template[/var/opt/gitlab/gitlab-rails/etc/gitlab_suggested_reviewers_secret] mode changed to 644
[2024-07-08T14:44:54+00:00] INFO: templatesymlink[Create a gitlab.yml and create a symlink to Rails root] sending run action to execute[clear the gitlab-rails cache] (delayed)
[2024-07-08T14:45:23+00:00] INFO: execute[clear the gitlab-rails cache] ran successfully
[2024-07-08T14:45:23+00:00] INFO: version_file[Create version file for Gitaly] sending hup action to runit_service[gitaly] (delayed)
[2024-07-08T14:45:23+00:00] INFO: runit_service[gitaly] signalled (HUP)
[2024-07-08T14:45:23+00:00] INFO: runit_service[gitaly] sent hup
[2024-07-08T14:45:23+00:00] INFO: directory[/var/opt/gitlab/gitlab-workhorse/sockets] sending restart action to runit_service[gitlab-workhorse] (delayed)
[2024-07-08T14:45:23+00:00] INFO: version_file[Create version file for NGINX] sending restart action to runit_service[nginx] (delayed)
[2024-07-08T14:45:24+00:00] INFO: template[/var/opt/gitlab/gitlab-exporter/gitlab-exporter.yml] sending restart action to runit_service[gitlab-exporter] (delayed)
[2024-07-08T14:45:24+00:00] INFO: file[Prometheus config] sending run action to execute[reload prometheus] (delayed)
[2024-07-08T14:45:25+00:00] INFO: execute[reload prometheus] ran successfully
[2024-07-08T14:45:25+00:00] INFO: file[Alertmanager config] sending restart action to runit_service[alertmanager] (delayed)
[2024-07-08T14:45:26+00:00] INFO: template[/var/opt/gitlab/postgres-exporter/queries.yaml] sending restart action to runit_service[postgres-exporter] (delayed)
[2024-07-08T14:45:27+00:00] INFO: Cinc Client Run complete in 185.447556878 seconds
[2024-07-08T14:45:27+00:00] INFO: Running report handlers
[2024-07-08T14:45:27+00:00] INFO: Report handlers complete
