# Logfile created on 2024-07-08 14:43:25 +0000 by logger.rb/v1.5.0
{"severity":"DEBUG","time":"2024-07-08T14:43:25.783Z","correlation_id":null,"event":"setup","model":"ActiveRecord::Base","start_service_discovery":false}
{"severity":"DEBUG","time":"2024-07-08T14:43:25.784Z","correlation_id":null,"event":"setup","model":"ActiveRecord::Base","start_service_discovery":true}
{"severity":"DEBUG","time":"2024-07-08T14:43:25.785Z","correlation_id":null,"event":"setup","model":"Ci::ApplicationRecord","start_service_discovery":false}
{"severity":"DEBUG","time":"2024-07-08T14:43:25.786Z","correlation_id":null,"event":"setup","model":"Ci::ApplicationRecord","start_service_discovery":true}
{"severity":"DEBUG","time":"2024-07-08T14:44:12.446Z","correlation_id":null,"event":"setup","model":"ActiveRecord::Base","start_service_discovery":false}
{"severity":"DEBUG","time":"2024-07-08T14:44:12.447Z","correlation_id":null,"event":"setup","model":"ActiveRecord::Base","start_service_discovery":true}
{"severity":"DEBUG","time":"2024-07-08T14:44:12.448Z","correlation_id":null,"event":"setup","model":"Ci::ApplicationRecord","start_service_discovery":false}
{"severity":"DEBUG","time":"2024-07-08T14:44:12.449Z","correlation_id":null,"event":"setup","model":"Ci::ApplicationRecord","start_service_discovery":true}
{"severity":"DEBUG","time":"2024-07-08T14:44:37.226Z","correlation_id":null,"event":"setup","model":"ActiveRecord::Base","start_service_discovery":false}
{"severity":"DEBUG","time":"2024-07-08T14:44:37.232Z","correlation_id":null,"event":"setup","model":"Ci::ApplicationRecord","start_service_discovery":false}
{"severity":"DEBUG","time":"2024-07-08T14:44:40.064Z","correlation_id":null,"event":"setup","model":"ActiveRecord::Base","start_service_discovery":false}
{"severity":"DEBUG","time":"2024-07-08T14:44:40.066Z","correlation_id":null,"event":"setup","model":"ActiveRecord::Base","start_service_discovery":true}
{"severity":"DEBUG","time":"2024-07-08T14:44:40.070Z","correlation_id":null,"event":"setup","model":"Ci::ApplicationRecord","start_service_discovery":false}
{"severity":"DEBUG","time":"2024-07-08T14:44:40.071Z","correlation_id":null,"event":"setup","model":"Ci::ApplicationRecord","start_service_discovery":true}
{"severity":"DEBUG","time":"2024-07-08T14:45:16.383Z","correlation_id":"4fb7c300fd4be2dfbdbcf855a2ff101b","event":"setup","model":"ActiveRecord::Base","start_service_discovery":true}
{"severity":"DEBUG","time":"2024-07-08T14:45:16.389Z","correlation_id":"4fb7c300fd4be2dfbdbcf855a2ff101b","event":"setup","model":"Ci::ApplicationRecord","start_service_discovery":true}
{"severity":"DEBUG","time":"2024-07-08T14:45:16.398Z","correlation_id":"4fb7c300fd4be2dfbdbcf855a2ff101b","event":"setup","model":"ActiveRecord::Base","start_service_discovery":true}
{"severity":"DEBUG","time":"2024-07-08T14:45:16.407Z","correlation_id":"4fb7c300fd4be2dfbdbcf855a2ff101b","event":"setup","model":"Ci::ApplicationRecord","start_service_discovery":true}
{"severity":"DEBUG","time":"2024-07-08T14:45:16.440Z","correlation_id":"4fb7c300fd4be2dfbdbcf855a2ff101b","event":"setup","model":"ActiveRecord::Base","start_service_discovery":true}
{"severity":"DEBUG","time":"2024-07-08T14:45:16.447Z","correlation_id":"4fb7c300fd4be2dfbdbcf855a2ff101b","event":"setup","model":"Ci::ApplicationRecord","start_service_discovery":true}
{"severity":"DEBUG","time":"2024-07-08T14:45:16.496Z","correlation_id":"4fb7c300fd4be2dfbdbcf855a2ff101b","event":"setup","model":"ActiveRecord::Base","start_service_discovery":true}
{"severity":"DEBUG","time":"2024-07-08T14:45:16.499Z","correlation_id":"4fb7c300fd4be2dfbdbcf855a2ff101b","event":"setup","model":"Ci::ApplicationRecord","start_service_discovery":true}
{"severity":"DEBUG","time":"2024-07-08T14:45:16.513Z","correlation_id":"4fb7c300fd4be2dfbdbcf855a2ff101b","event":"setup","model":"ActiveRecord::Base","start_service_discovery":true}
{"severity":"DEBUG","time":"2024-07-08T14:45:16.516Z","correlation_id":"4fb7c300fd4be2dfbdbcf855a2ff101b","event":"setup","model":"Ci::ApplicationRecord","start_service_discovery":true}
{"severity":"DEBUG","time":"2024-07-08T14:45:16.544Z","correlation_id":"4fb7c300fd4be2dfbdbcf855a2ff101b","event":"setup","model":"ActiveRecord::Base","start_service_discovery":true}
{"severity":"DEBUG","time":"2024-07-08T14:45:16.547Z","correlation_id":"4fb7c300fd4be2dfbdbcf855a2ff101b","event":"setup","model":"Ci::ApplicationRecord","start_service_discovery":true}
{"severity":"DEBUG","time":"2024-07-08T14:45:16.761Z","correlation_id":null,"event":"setup","model":"ActiveRecord::Base","start_service_discovery":false}
{"severity":"DEBUG","time":"2024-07-08T14:45:16.763Z","correlation_id":null,"event":"setup","model":"ActiveRecord::Base","start_service_discovery":true}
{"severity":"DEBUG","time":"2024-07-08T14:45:16.766Z","correlation_id":null,"event":"setup","model":"Ci::ApplicationRecord","start_service_discovery":false}
{"severity":"DEBUG","time":"2024-07-08T14:45:16.768Z","correlation_id":null,"event":"setup","model":"Ci::ApplicationRecord","start_service_discovery":true}
